Using pre-set license
Built from '2022.2/staging' branch; Version is '2022.2.20f1 (c5d806317f84) revision 12965894'; Using compiler version '192829333'; Build Type 'Release'
OS: 'Windows 10  (10.0.19045) 64bit Enterprise' Language: 'en' Physical Memory: 65292 MB
BatchMode: 1, IsHumanControllingUs: 0, StartBugReporterOnCrash: 0, Is64bit: 1, IsPro: 1

COMMAND LINE ARGUMENTS:
C:\ProgramData\Unity_2022.2.20f1\Editor\Unity.exe
-adb2
-batchMode
-noUpm
-name
AssetImportWorker2
-projectPath
C:/Users/c2021538.SHU/Desktop/VR Design/TAMS
-logFile
Logs/AssetImportWorker2.log
-srvPort
63199
Successfully changed project path to: C:/Users/c2021538.SHU/Desktop/VR Design/TAMS
C:/Users/c2021538.SHU/Desktop/VR Design/TAMS
[UnityMemory] Configuration Parameters - Can be set up in boot.config
    "memorysetup-bucket-allocator-granularity=16"
    "memorysetup-bucket-allocator-bucket-count=8"
    "memorysetup-bucket-allocator-block-size=33554432"
    "memorysetup-bucket-allocator-block-count=8"
    "memorysetup-main-allocator-block-size=16777216"
    "memorysetup-thread-allocator-block-size=16777216"
    "memorysetup-gfx-main-allocator-block-size=16777216"
    "memorysetup-gfx-thread-allocator-block-size=16777216"
    "memorysetup-cache-allocator-block-size=4194304"
    "memorysetup-typetree-allocator-block-size=2097152"
    "memorysetup-profiler-bucket-allocator-granularity=16"
    "memorysetup-profiler-bucket-allocator-bucket-count=8"
    "memorysetup-profiler-bucket-allocator-block-size=33554432"
    "memorysetup-profiler-bucket-allocator-block-count=8"
    "memorysetup-profiler-allocator-block-size=16777216"
    "memorysetup-profiler-editor-allocator-block-size=1048576"
    "memorysetup-temp-allocator-size-main=16777216"
    "memorysetup-job-temp-allocator-block-size=2097152"
    "memorysetup-job-temp-allocator-block-size-background=1048576"
    "memorysetup-job-temp-allocator-reduction-small-platforms=262144"
    "memorysetup-temp-allocator-size-background-worker=32768"
    "memorysetup-temp-allocator-size-job-worker=262144"
    "memorysetup-temp-allocator-size-preload-manager=33554432"
    "memorysetup-temp-allocator-size-nav-mesh-worker=65536"
    "memorysetup-temp-allocator-size-audio-worker=65536"
    "memorysetup-temp-allocator-size-cloud-worker=32768"
    "memorysetup-temp-allocator-size-gi-baking-worker=262144"
    "memorysetup-temp-allocator-size-gfx=262144"
Player connection [9996] Host "[IP] 10.72.85.163 [Port] 0 [Flags] 2 [Guid] 2461758964 [EditorId] 2461758964 [Version] 1048832 [Id] WindowsEditor(7,9224-19P548556) [Debug] 1 [PackageName] WindowsEditor [ProjectName] Editor" joined multi-casting on [225.0.0.222:54997]...

Player connection [9996] Host "[IP] 10.72.85.163 [Port] 0 [Flags] 2 [Guid] 2461758964 [EditorId] 2461758964 [Version] 1048832 [Id] WindowsEditor(7,9224-19P548556) [Debug] 1 [PackageName] WindowsEditor [ProjectName] Editor" joined alternative multi-casting on [225.0.0.222:34997]...

Refreshing native plugins compatible for Editor in 20.42 ms, found 7 plugins.
Preloading 0 native plugins for Editor in 0.00 ms.
Initialize engine version: 2022.2.20f1 (c5d806317f84)
[Subsystems] Discovering subsystems at path C:/ProgramData/Unity_2022.2.20f1/Editor/Data/Resources/UnitySubsystems
[Subsystems] Discovering subsystems at path C:/Users/c2021538.SHU/Desktop/VR Design/TAMS/Assets
GfxDevice: creating device client; threaded=0; jobified=0
Direct3D:
    Version:  Direct3D 11.0 [level 11.1]
    Renderer: NVIDIA GeForce RTX 3080 (ID=0x2216)
    Vendor:   NVIDIA
    VRAM:     10067 MB
    Driver:   31.0.15.3640
Initialize mono
Mono path[0] = 'C:/ProgramData/Unity_2022.2.20f1/Editor/Data/Managed'
Mono path[1] = 'C:/ProgramData/Unity_2022.2.20f1/Editor/Data/MonoBleedingEdge/lib/mono/unityjit-win32'
Mono config path = 'C:/ProgramData/Unity_2022.2.20f1/Editor/Data/MonoBleedingEdge/etc'
Using monoOptions --debugger-agent=transport=dt_socket,embedding=1,server=y,suspend=n,address=127.0.0.1:56080
Begin MonoManager ReloadAssembly
Registering precompiled unity dll's ...
Register platform support module: C:/ProgramData/Unity_2022.2.20f1/Editor/Data/PlaybackEngines/AndroidPlayer/UnityEditor.Android.Extensions.dll
Register platform support module: C:/ProgramData/Unity_2022.2.20f1/Editor/Data/PlaybackEngines/WindowsStandaloneSupport/UnityEditor.WindowsStandalone.Extensions.dll
Registered in 0.038975 seconds.
- Loaded All Assemblies, in  0.531 seconds
Native extension for WindowsStandalone target not found
Native extension for Android target not found
Android Extension - Scanning For ADB Devices 383 ms
Mono: successfully reloaded assembly
- Finished resetting the current domain, in  0.764 seconds
Domain Reload Profiling:
	ReloadAssembly (368ms)
		BeginReloadAssembly (214ms)
			ExecutionOrderSort (0ms)
			DisableScriptedObjects (0ms)
			BackupInstance (0ms)
			ReleaseScriptingObjects (0ms)
			CreateAndSetChildDomain (1ms)
		LoadAllAssembliesAndSetupDomain (0ms)
			LoadAssemblies (215ms)
			RebuildTransferFunctionScriptingTraits (0ms)
			SetupTypeCache (151ms)
				TypeCache.Initialize (150ms)
					TypeCache.ScanAssembly (148ms)
				ResolveRequiredComponents (1ms)
		FinalizeReload (0ms)
			ReleaseScriptCaches (0ms)
			RebuildScriptCaches (0ms)
			SetupLoadedEditorAssemblies (706ms)
				LogAssemblyErrors (0ms)
				InitializePlatformSupportModulesInManaged (534ms)
				SetLoadedEditorAssemblies (5ms)
				RefreshPlugins (0ms)
				BeforeProcessingInitializeOnLoad (1ms)
				ProcessInitializeOnLoadAttributes (107ms)
				ProcessInitializeOnLoadMethodAttributes (60ms)
				AfterProcessingInitializeOnLoad (0ms)
				EditorAssembliesLoaded (0ms)
			ExecutionOrderSort2 (0ms)
			AwakeInstancesAfterBackupRestoration (0ms)
========================================================================
Worker process is ready to serve import requests
Begin MonoManager ReloadAssembly
Symbol file LoadedFromMemory doesn't match image C:\Users\c2021538.SHU\Desktop\VR Design\TAMS\Library\PackageCache\com.unity.visualscripting@1.8.0\Editor\VisualScripting.Core\Dependencies\YamlDotNet\Unity.VisualScripting.YamlDotNet.dll
Symbol file LoadedFromMemory doesn't match image C:\Users\c2021538.SHU\Desktop\VR Design\TAMS\Library\PackageCache\com.unity.visualscripting@1.8.0\Editor\VisualScripting.Core\Dependencies\DotNetZip\Unity.VisualScripting.IonicZip.dll
- Loaded All Assemblies, in  1.139 seconds
Refreshing native plugins compatible for Editor in 11.55 ms, found 7 plugins.
Native extension for WindowsStandalone target not found
Native extension for Android target not found
Package Manager log level set to [2]
[Package Manager] Server::EnsureServerProcessIsRunning -- launch failed, reason: Unity was launched with the -noUpm command-line argument
[Package Manager] UpmClient::Send -- Unable to send message (not connected to UPM process).
[Package Manager] Cannot connect to Unity Package Manager local server
Mono: successfully reloaded assembly
[Package Manager] Server::EnsureServerProcessIsRunning -- launch failed, reason: Unity was launched with the -noUpm command-line argument
[Package Manager] UpmClient::Send -- Unable to send message (not connected to UPM process).
[Package Manager] Cannot connect to Unity Package Manager local server
[Package Manager] Server::EnsureServerProcessIsRunning -- launch failed, reason: Unity was launched with the -noUpm command-line argument
[Package Manager] UpmClient::Send -- Unable to send message (not connected to UPM process).
[Package Manager] Cannot connect to Unity Package Manager local server
- Finished resetting the current domain, in  0.709 seconds
Domain Reload Profiling:
	ReloadAssembly (342ms)
		BeginReloadAssembly (239ms)
			ExecutionOrderSort (0ms)
			DisableScriptedObjects (6ms)
			BackupInstance (0ms)
			ReleaseScriptingObjects (0ms)
			CreateAndSetChildDomain (17ms)
		LoadAllAssembliesAndSetupDomain (791ms)
			LoadAssemblies (609ms)
			RebuildTransferFunctionScriptingTraits (0ms)
			SetupTypeCache (351ms)
				TypeCache.Initialize (321ms)
					TypeCache.ScanAssembly (317ms)
				ResolveRequiredComponents (8ms)
		FinalizeReload (0ms)
			ReleaseScriptCaches (0ms)
			RebuildScriptCaches (0ms)
			SetupLoadedEditorAssemblies (513ms)
				LogAssemblyErrors (0ms)
				InitializePlatformSupportModulesInManaged (40ms)
				SetLoadedEditorAssemblies (4ms)
				RefreshPlugins (0ms)
				BeforeProcessingInitializeOnLoad (89ms)
				ProcessInitializeOnLoadAttributes (349ms)
				ProcessInitializeOnLoadMethodAttributes (18ms)
				AfterProcessingInitializeOnLoad (12ms)
				EditorAssembliesLoaded (0ms)
			ExecutionOrderSort2 (0ms)
			AwakeInstancesAfterBackupRestoration (18ms)
Launched and connected shader compiler UnityShaderCompiler.exe after 0.05 seconds
Refreshing native plugins compatible for Editor in 13.73 ms, found 7 plugins.
Preloading 0 native plugins for Editor in 0.00 ms.
Unloading 4497 Unused Serialized files (Serialized files now loaded: 0)
Unloading 50 unused Assets / (305.3 KB). Loaded Objects now: 4969.
Memory consumption went from 149.6 MB to 149.3 MB.
Total: 3.391200 ms (FindLiveObjects: 0.442600 ms CreateObjectMapping: 0.151900 ms MarkObjects: 2.679400 ms  DeleteObjects: 0.116500 ms)

AssetImportParameters requested are different than current active one (requested -> active):
  custom:container-demuxer-ogg: 62fdf1f143b41e24485cea50d1cbac27 -> 
  custom:video-decoder-ogg-theora: a1e56fd34408186e4bbccfd4996cb3dc -> 
  custom:framework-win-MediaFoundation: 216162199b28c13a410421893ffa2e32 -> 
  custom:container-demuxer-webm: 4f35f7cbe854078d1ac9338744f61a02 -> 
  custom:container-muxer-webm: aa71ff27fc2769a1b78a27578f13a17b -> 
  custom:video-decoder-webm-vp8: 9c59270c3fd7afecdb556c50c9e8de78 -> 
  custom:AudioImporter_EditorPlatform: d09bf68614088b80899f8185d706f6e7 -> 
  custom:video-encoder-webm-vp8: eb34c28f22e8b96e1ab97ce403110664 -> 
  custom:audio-decoder-ogg-vorbis: bf7c407c2cedff20999df2af8eb42d56 -> 
  custom:audio-encoder-webm-vorbis: bf7c407c2cedff20999df2af8eb42d56 -> 
========================================================================
Received Import Request.
  Time since last request: 7302.984019 seconds.
  path: Assets/Modles/Neon Plants/Crate Side.png
  artifactKey: Guid(6a836e5b74ff0f14595a9648f6a1bdba) Importer(815301076,1909f56bfc062723c751e8b465ee728b)
Start importing Assets/Modles/Neon Plants/Crate Side.png using Guid(6a836e5b74ff0f14595a9648f6a1bdba) Importer(815301076,1909f56bfc062723c751e8b465ee728b)  -> (artifact id: 'be138c9b570efd132e524d8d655becf4') in 0.102496 seconds
Number of updated asset objects reloaded before import = 0
Number of asset objects unloaded after import = 2
========================================================================
Received Import Request.
  Time since last request: 0.265211 seconds.
  path: Assets/Modles/Neon Plants/Flower 1 P.png
  artifactKey: Guid(aaba3f3fbf1595f4bbfa24525e5c19ef) Importer(815301076,1909f56bfc062723c751e8b465ee728b)
Start importing Assets/Modles/Neon Plants/Flower 1 P.png using Guid(aaba3f3fbf1595f4bbfa24525e5c19ef) Importer(815301076,1909f56bfc062723c751e8b465ee728b)  -> (artifact id: '15c12d82587bd467d412e1d802152fed') in 0.030249 seconds
Number of updated asset objects reloaded before import = 0
Number of asset objects unloaded after import = 2
========================================================================
Received Import Request.
  Time since last request: 0.000018 seconds.
  path: Assets/Modles/Neon Plants/Flower 3 LB.png
  artifactKey: Guid(5d13af22dd19a82438d514fb141e8a61) Importer(815301076,1909f56bfc062723c751e8b465ee728b)
Start importing Assets/Modles/Neon Plants/Flower 3 LB.png using Guid(5d13af22dd19a82438d514fb141e8a61) Importer(815301076,1909f56bfc062723c751e8b465ee728b)  -> (artifact id: '414d1e10ad8452ae696e0ed8004f6568') in 0.017674 seconds
Number of updated asset objects reloaded before import = 0
Number of asset objects unloaded after import = 2
========================================================================
Received Import Request.
  Time since last request: 0.000022 seconds.
  path: Assets/Modles/Neon Plants/Grass 3 LB.png
  artifactKey: Guid(a47dd08bd586fe74da2c9c9139f33e97) Importer(815301076,1909f56bfc062723c751e8b465ee728b)
Start importing Assets/Modles/Neon Plants/Grass 3 LB.png using Guid(a47dd08bd586fe74da2c9c9139f33e97) Importer(815301076,1909f56bfc062723c751e8b465ee728b)  -> (artifact id: '31ba3014a480798e7ef3a6efac86e141') in 0.017801 seconds
Number of updated asset objects reloaded before import = 0
Number of asset objects unloaded after import = 2
========================================================================
Received Import Request.
  Time since last request: 0.000019 seconds.
  path: Assets/Modles/Neon Plants/Flower 2 G.png
  artifactKey: Guid(1c694fd851632fa4189bb5e8bef62669) Importer(815301076,1909f56bfc062723c751e8b465ee728b)
Start importing Assets/Modles/Neon Plants/Flower 2 G.png using Guid(1c694fd851632fa4189bb5e8bef62669) Importer(815301076,1909f56bfc062723c751e8b465ee728b)  -> (artifact id: '9b5e1b1c6987f5417b9bbf4c9932b244') in 0.019615 seconds
Number of updated asset objects reloaded before import = 0
Number of asset objects unloaded after import = 2
========================================================================
Received Import Request.
  Time since last request: 0.000022 seconds.
  path: Assets/Modles/Neon Plants/Layer 40.png
  artifactKey: Guid(3fcab0ff5585b0a40a32da7d231c25ed) Importer(815301076,1909f56bfc062723c751e8b465ee728b)
Start importing Assets/Modles/Neon Plants/Layer 40.png using Guid(3fcab0ff5585b0a40a32da7d231c25ed) Importer(815301076,1909f56bfc062723c751e8b465ee728b)  -> (artifact id: 'c343b530ef83395b585560e8561e00fb') in 0.007694 seconds
Number of updated asset objects reloaded before import = 0
Number of asset objects unloaded after import = 2
========================================================================
Received Import Request.
  Time since last request: 0.000019 seconds.
  path: Assets/Modles/Neon Plants/Grass 1 LB.png
  artifactKey: Guid(d34628bfc71c3f04ea2992e72815519f) Importer(815301076,1909f56bfc062723c751e8b465ee728b)
Start importing Assets/Modles/Neon Plants/Grass 1 LB.png using Guid(d34628bfc71c3f04ea2992e72815519f) Importer(815301076,1909f56bfc062723c751e8b465ee728b)  -> (artifact id: '474417e2f84a9094d390d9ffb7e54c81') in 0.009238 seconds
Number of updated asset objects reloaded before import = 0
Number of asset objects unloaded after import = 2
========================================================================
Received Import Request.
  Time since last request: 0.000025 seconds.
  path: Assets/Modles/Neon Plants/Tree 3 R.png
  artifactKey: Guid(c964599c3eed5c9479b4dec17973e553) Importer(815301076,1909f56bfc062723c751e8b465ee728b)
Start importing Assets/Modles/Neon Plants/Tree 3 R.png using Guid(c964599c3eed5c9479b4dec17973e553) Importer(815301076,1909f56bfc062723c751e8b465ee728b)  -> (artifact id: 'a853f535d0bbe24a3706663f9cb91ee0') in 0.008307 seconds
Number of updated asset objects reloaded before import = 0
Number of asset objects unloaded after import = 2
========================================================================
Received Import Request.
  Time since last request: 0.000025 seconds.
  path: Assets/Modles/Neon Plants/Flower 2 R.png
  artifactKey: Guid(e55ff42622196404189eb5dd36fbc8aa) Importer(815301076,1909f56bfc062723c751e8b465ee728b)
Start importing Assets/Modles/Neon Plants/Flower 2 R.png using Guid(e55ff42622196404189eb5dd36fbc8aa) Importer(815301076,1909f56bfc062723c751e8b465ee728b)  -> (artifact id: 'a50b186a65ae9356ee28723cb8a62ae8') in 0.017242 seconds
Number of updated asset objects reloaded before import = 0
Number of asset objects unloaded after import = 2
========================================================================
Received Import Request.
  Time since last request: 0.000017 seconds.
  path: Assets/Modles/Neon Plants/Flower 2 DB.png
  artifactKey: Guid(d351f9c94f3b9a74a9d478f5a4859bc6) Importer(815301076,1909f56bfc062723c751e8b465ee728b)
Start importing Assets/Modles/Neon Plants/Flower 2 DB.png using Guid(d351f9c94f3b9a74a9d478f5a4859bc6) Importer(815301076,1909f56bfc062723c751e8b465ee728b)  -> (artifact id: '5079c6395fec7a435582dc53adf91455') in 0.018612 seconds
Number of updated asset objects reloaded before import = 0
Number of asset objects unloaded after import = 2
========================================================================
Received Import Request.
  Time since last request: 0.000024 seconds.
  path: Assets/Modles/Neon Plants/Wall 1.png
  artifactKey: Guid(b2c25b56b80080f429f41d43098adf10) Importer(815301076,1909f56bfc062723c751e8b465ee728b)
Start importing Assets/Modles/Neon Plants/Wall 1.png using Guid(b2c25b56b80080f429f41d43098adf10) Importer(815301076,1909f56bfc062723c751e8b465ee728b)  -> (artifact id: '045497ae70114d0b143ca93104d0f4ce') in 0.014834 seconds
Number of updated asset objects reloaded before import = 0
Number of asset objects unloaded after import = 2
========================================================================
Received Import Request.
  Time since last request: 0.000037 seconds.
  path: Assets/Modles/Neon Plants/Tree 2 R.png
  artifactKey: Guid(16b0be41f45b55743bc1bb62d462d3cb) Importer(815301076,1909f56bfc062723c751e8b465ee728b)
Start importing Assets/Modles/Neon Plants/Tree 2 R.png using Guid(16b0be41f45b55743bc1bb62d462d3cb) Importer(815301076,1909f56bfc062723c751e8b465ee728b)  -> (artifact id: '3becc24d9671e8fe1f8ea812d1efb141') in 0.008806 seconds
Number of updated asset objects reloaded before import = 0
Number of asset objects unloaded after import = 2
========================================================================
Received Import Request.
  Time since last request: 0.000025 seconds.
  path: Assets/Modles/Neon Plants/Tree 3 P.png
  artifactKey: Guid(b26fdcc753ab01749b21529c5f495d5f) Importer(815301076,1909f56bfc062723c751e8b465ee728b)
Start importing Assets/Modles/Neon Plants/Tree 3 P.png using Guid(b26fdcc753ab01749b21529c5f495d5f) Importer(815301076,1909f56bfc062723c751e8b465ee728b)  -> (artifact id: '547d2ba68ec30e50bf00f21b98bcfc50') in 0.018812 seconds
Number of updated asset objects reloaded before import = 0
Number of asset objects unloaded after import = 2
Editor requested this worker to shutdown with reason: Scaling down because of idle timeout
TcpMessagingSession - receive error: operation aborted. errorcode: 995, details: The I/O operation has been aborted because of either a thread exit or an application request.
AssetImportWorker is now disconnected from the server
Process exiting
Exiting without the bug reporter. Application will terminate with return code 0