Using pre-set license
Built from '2022.2/staging' branch; Version is '2022.2.20f1 (c5d806317f84) revision 12965894'; Using compiler version '192829333'; Build Type 'Release'
OS: 'Windows 10  (10.0.19045) 64bit Enterprise' Language: 'en' Physical Memory: 65292 MB
BatchMode: 1, IsHumanControllingUs: 0, StartBugReporterOnCrash: 0, Is64bit: 1, IsPro: 1

COMMAND LINE ARGUMENTS:
C:\ProgramData\Unity_2022.2.20f1\Editor\Unity.exe
-adb2
-batchMode
-noUpm
-name
AssetImportWorker0
-projectPath
C:/Users/c2021538.SHU/Desktop/VR Design/TAMS
-logFile
Logs/AssetImportWorker0.log
-srvPort
63199
Successfully changed project path to: C:/Users/c2021538.SHU/Desktop/VR Design/TAMS
C:/Users/c2021538.SHU/Desktop/VR Design/TAMS
[UnityMemory] Configuration Parameters - Can be set up in boot.config
    "memorysetup-bucket-allocator-granularity=16"
    "memorysetup-bucket-allocator-bucket-count=8"
    "memorysetup-bucket-allocator-block-size=33554432"
    "memorysetup-bucket-allocator-block-count=8"
    "memorysetup-main-allocator-block-size=16777216"
    "memorysetup-thread-allocator-block-size=16777216"
    "memorysetup-gfx-main-allocator-block-size=16777216"
    "memorysetup-gfx-thread-allocator-block-size=16777216"
    "memorysetup-cache-allocator-block-size=4194304"
    "memorysetup-typetree-allocator-block-size=2097152"
    "memorysetup-profiler-bucket-allocator-granularity=16"
    "memorysetup-profiler-bucket-allocator-bucket-count=8"
    "memorysetup-profiler-bucket-allocator-block-size=33554432"
    "memorysetup-profiler-bucket-allocator-block-count=8"
    "memorysetup-profiler-allocator-block-size=16777216"
    "memorysetup-profiler-editor-allocator-block-size=1048576"
    "memorysetup-temp-allocator-size-main=16777216"
    "memorysetup-job-temp-allocator-block-size=2097152"
    "memorysetup-job-temp-allocator-block-size-background=1048576"
    "memorysetup-job-temp-allocator-reduction-small-platforms=262144"
    "memorysetup-temp-allocator-size-background-worker=32768"
    "memorysetup-temp-allocator-size-job-worker=262144"
    "memorysetup-temp-allocator-size-preload-manager=33554432"
    "memorysetup-temp-allocator-size-nav-mesh-worker=65536"
    "memorysetup-temp-allocator-size-audio-worker=65536"
    "memorysetup-temp-allocator-size-cloud-worker=32768"
    "memorysetup-temp-allocator-size-gi-baking-worker=262144"
    "memorysetup-temp-allocator-size-gfx=262144"
Player connection [22736] Host "[IP] 10.72.85.163 [Port] 0 [Flags] 2 [Guid] 3084068866 [EditorId] 3084068866 [Version] 1048832 [Id] WindowsEditor(7,9224-19P548556) [Debug] 1 [PackageName] WindowsEditor [ProjectName] Editor" joined multi-casting on [225.0.0.222:54997]...

Player connection [22736] Host "[IP] 10.72.85.163 [Port] 0 [Flags] 2 [Guid] 3084068866 [EditorId] 3084068866 [Version] 1048832 [Id] WindowsEditor(7,9224-19P548556) [Debug] 1 [PackageName] WindowsEditor [ProjectName] Editor" joined alternative multi-casting on [225.0.0.222:34997]...

Refreshing native plugins compatible for Editor in 20.68 ms, found 7 plugins.
Preloading 0 native plugins for Editor in 0.00 ms.
Initialize engine version: 2022.2.20f1 (c5d806317f84)
[Subsystems] Discovering subsystems at path C:/ProgramData/Unity_2022.2.20f1/Editor/Data/Resources/UnitySubsystems
[Subsystems] Discovering subsystems at path C:/Users/c2021538.SHU/Desktop/VR Design/TAMS/Assets
GfxDevice: creating device client; threaded=0; jobified=0
Direct3D:
    Version:  Direct3D 11.0 [level 11.1]
    Renderer: NVIDIA GeForce RTX 3080 (ID=0x2216)
    Vendor:   NVIDIA
    VRAM:     10067 MB
    Driver:   31.0.15.3640
Initialize mono
Mono path[0] = 'C:/ProgramData/Unity_2022.2.20f1/Editor/Data/Managed'
Mono path[1] = 'C:/ProgramData/Unity_2022.2.20f1/Editor/Data/MonoBleedingEdge/lib/mono/unityjit-win32'
Mono config path = 'C:/ProgramData/Unity_2022.2.20f1/Editor/Data/MonoBleedingEdge/etc'
Using monoOptions --debugger-agent=transport=dt_socket,embedding=1,server=y,suspend=n,address=127.0.0.1:56460
Begin MonoManager ReloadAssembly
Registering precompiled unity dll's ...
Register platform support module: C:/ProgramData/Unity_2022.2.20f1/Editor/Data/PlaybackEngines/AndroidPlayer/UnityEditor.Android.Extensions.dll
Register platform support module: C:/ProgramData/Unity_2022.2.20f1/Editor/Data/PlaybackEngines/WindowsStandaloneSupport/UnityEditor.WindowsStandalone.Extensions.dll
Registered in 0.032328 seconds.
- Loaded All Assemblies, in  0.509 seconds
Native extension for WindowsStandalone target not found
Native extension for Android target not found
Android Extension - Scanning For ADB Devices 394 ms
Mono: successfully reloaded assembly
- Finished resetting the current domain, in  0.758 seconds
Domain Reload Profiling:
	ReloadAssembly (345ms)
		BeginReloadAssembly (203ms)
			ExecutionOrderSort (0ms)
			DisableScriptedObjects (0ms)
			BackupInstance (0ms)
			ReleaseScriptingObjects (0ms)
			CreateAndSetChildDomain (0ms)
		LoadAllAssembliesAndSetupDomain (0ms)
			LoadAssemblies (206ms)
			RebuildTransferFunctionScriptingTraits (0ms)
			SetupTypeCache (152ms)
				TypeCache.Initialize (151ms)
					TypeCache.ScanAssembly (150ms)
				ResolveRequiredComponents (0ms)
		FinalizeReload (0ms)
			ReleaseScriptCaches (0ms)
			RebuildScriptCaches (0ms)
			SetupLoadedEditorAssemblies (702ms)
				LogAssemblyErrors (0ms)
				InitializePlatformSupportModulesInManaged (542ms)
				SetLoadedEditorAssemblies (4ms)
				RefreshPlugins (0ms)
				BeforeProcessingInitializeOnLoad (1ms)
				ProcessInitializeOnLoadAttributes (99ms)
				ProcessInitializeOnLoadMethodAttributes (55ms)
				AfterProcessingInitializeOnLoad (0ms)
				EditorAssembliesLoaded (0ms)
			ExecutionOrderSort2 (0ms)
			AwakeInstancesAfterBackupRestoration (0ms)
========================================================================
Worker process is ready to serve import requests
Begin MonoManager ReloadAssembly
Symbol file LoadedFromMemory doesn't match image C:\Users\c2021538.SHU\Desktop\VR Design\TAMS\Library\PackageCache\com.unity.visualscripting@1.8.0\Editor\VisualScripting.Core\Dependencies\YamlDotNet\Unity.VisualScripting.YamlDotNet.dll
Symbol file LoadedFromMemory doesn't match image C:\Users\c2021538.SHU\Desktop\VR Design\TAMS\Library\PackageCache\com.unity.visualscripting@1.8.0\Editor\VisualScripting.Core\Dependencies\DotNetZip\Unity.VisualScripting.IonicZip.dll
- Loaded All Assemblies, in  1.136 seconds
Refreshing native plugins compatible for Editor in 10.89 ms, found 7 plugins.
Native extension for WindowsStandalone target not found
Native extension for Android target not found
Package Manager log level set to [2]
[Package Manager] Server::EnsureServerProcessIsRunning -- launch failed, reason: Unity was launched with the -noUpm command-line argument
[Package Manager] UpmClient::Send -- Unable to send message (not connected to UPM process).
[Package Manager] Cannot connect to Unity Package Manager local server
Mono: successfully reloaded assembly
[Package Manager] Server::EnsureServerProcessIsRunning -- launch failed, reason: Unity was launched with the -noUpm command-line argument
[Package Manager] UpmClient::Send -- Unable to send message (not connected to UPM process).
[Package Manager] Cannot connect to Unity Package Manager local server
[Package Manager] Server::EnsureServerProcessIsRunning -- launch failed, reason: Unity was launched with the -noUpm command-line argument
[Package Manager] UpmClient::Send -- Unable to send message (not connected to UPM process).
[Package Manager] Cannot connect to Unity Package Manager local server
- Finished resetting the current domain, in  0.726 seconds
Domain Reload Profiling:
	ReloadAssembly (359ms)
		BeginReloadAssembly (259ms)
			ExecutionOrderSort (0ms)
			DisableScriptedObjects (6ms)
			BackupInstance (0ms)
			ReleaseScriptingObjects (0ms)
			CreateAndSetChildDomain (21ms)
		LoadAllAssembliesAndSetupDomain (771ms)
			LoadAssemblies (597ms)
			RebuildTransferFunctionScriptingTraits (0ms)
			SetupTypeCache (358ms)
				TypeCache.Initialize (330ms)
					TypeCache.ScanAssembly (325ms)
				ResolveRequiredComponents (8ms)
		FinalizeReload (0ms)
			ReleaseScriptCaches (0ms)
			RebuildScriptCaches (0ms)
			SetupLoadedEditorAssemblies (511ms)
				LogAssemblyErrors (0ms)
				InitializePlatformSupportModulesInManaged (41ms)
				SetLoadedEditorAssemblies (4ms)
				RefreshPlugins (0ms)
				BeforeProcessingInitializeOnLoad (87ms)
				ProcessInitializeOnLoadAttributes (349ms)
				ProcessInitializeOnLoadMethodAttributes (18ms)
				AfterProcessingInitializeOnLoad (11ms)
				EditorAssembliesLoaded (0ms)
			ExecutionOrderSort2 (0ms)
			AwakeInstancesAfterBackupRestoration (15ms)
Launched and connected shader compiler UnityShaderCompiler.exe after 0.06 seconds
Refreshing native plugins compatible for Editor in 12.00 ms, found 7 plugins.
Preloading 0 native plugins for Editor in 0.00 ms.
Unloading 4497 Unused Serialized files (Serialized files now loaded: 0)
Unloading 50 unused Assets / (305.3 KB). Loaded Objects now: 4969.
Memory consumption went from 149.4 MB to 149.1 MB.
Total: 3.200100 ms (FindLiveObjects: 0.400100 ms CreateObjectMapping: 0.140500 ms MarkObjects: 2.551400 ms  DeleteObjects: 0.107000 ms)

AssetImportParameters requested are different than current active one (requested -> active):
  custom:container-demuxer-ogg: 62fdf1f143b41e24485cea50d1cbac27 -> 
  custom:video-decoder-ogg-theora: a1e56fd34408186e4bbccfd4996cb3dc -> 
  custom:framework-win-MediaFoundation: 216162199b28c13a410421893ffa2e32 -> 
  custom:container-demuxer-webm: 4f35f7cbe854078d1ac9338744f61a02 -> 
  custom:container-muxer-webm: aa71ff27fc2769a1b78a27578f13a17b -> 
  custom:video-decoder-webm-vp8: 9c59270c3fd7afecdb556c50c9e8de78 -> 
  custom:AudioImporter_EditorPlatform: d09bf68614088b80899f8185d706f6e7 -> 
  custom:video-encoder-webm-vp8: eb34c28f22e8b96e1ab97ce403110664 -> 
  custom:audio-decoder-ogg-vorbis: bf7c407c2cedff20999df2af8eb42d56 -> 
  custom:audio-encoder-webm-vorbis: bf7c407c2cedff20999df2af8eb42d56 -> 
========================================================================
Received Import Request.
  Time since last request: 7283.991302 seconds.
  path: Assets/Modles
  artifactKey: Guid(99c9330894f48544ca70d33b754fe8b9) Importer(815301076,1909f56bfc062723c751e8b465ee728b)
Start importing Assets/Modles using Guid(99c9330894f48544ca70d33b754fe8b9) Importer(815301076,1909f56bfc062723c751e8b465ee728b)  -> (artifact id: 'af45b3b9d84648102a07474cdbb3f6fa') in 0.001991 seconds
Number of updated asset objects reloaded before import = 0
Number of asset objects unloaded after import = 0
========================================================================
Received Import Request.
  Time since last request: 0.068955 seconds.
  path: Assets/Modles/PRE_Arch.prefab
  artifactKey: Guid(61ad805fe056e824da7b2bc6fb6b0bc9) Importer(815301076,1909f56bfc062723c751e8b465ee728b)
Start importing Assets/Modles/PRE_Arch.prefab using Guid(61ad805fe056e824da7b2bc6fb6b0bc9) Importer(815301076,1909f56bfc062723c751e8b465ee728b)  -> (artifact id: '85310440b92c3999479afc3678fbcc70') in 0.082006 seconds
Number of updated asset objects reloaded before import = 0
Number of asset objects unloaded after import = 94
========================================================================
Received Import Request.
  Time since last request: 0.279721 seconds.
  path: Assets/Modles/PRE_Button.prefab
  artifactKey: Guid(add7d139a45c72e4682b3924c53583e9) Importer(815301076,1909f56bfc062723c751e8b465ee728b)
Start importing Assets/Modles/PRE_Button.prefab using Guid(add7d139a45c72e4682b3924c53583e9) Importer(815301076,1909f56bfc062723c751e8b465ee728b)  -> (artifact id: 'd23a64c353820d96ed01138b6516933d') in 0.020746 seconds
Number of updated asset objects reloaded before import = 0
Number of asset objects unloaded after import = 18
========================================================================
Received Import Request.
  Time since last request: 0.304013 seconds.
  path: Assets/Modles/PRE_Painting.prefab
  artifactKey: Guid(c922480fef01e814baf56067481646ea) Importer(815301076,1909f56bfc062723c751e8b465ee728b)
Start importing Assets/Modles/PRE_Painting.prefab using Guid(c922480fef01e814baf56067481646ea) Importer(815301076,1909f56bfc062723c751e8b465ee728b)  -> (artifact id: '30746ce39b052f3d6b9b95be22736708') in 0.025637 seconds
Number of updated asset objects reloaded before import = 0
Number of asset objects unloaded after import = 291
========================================================================
Received Import Request.
  Time since last request: 0.294699 seconds.
  path: Assets/Modles/PRE_RopeBarrier.prefab
  artifactKey: Guid(abb5e91d7fc569444810439c4e1773d2) Importer(815301076,1909f56bfc062723c751e8b465ee728b)
Start importing Assets/Modles/PRE_RopeBarrier.prefab using Guid(abb5e91d7fc569444810439c4e1773d2) Importer(815301076,1909f56bfc062723c751e8b465ee728b)  -> (artifact id: '8f7b1fab9c4db730a2b676bb8e1fe8bb') in 0.044781 seconds
Number of updated asset objects reloaded before import = 0
Number of asset objects unloaded after import = 161
========================================================================
Received Import Request.
  Time since last request: 0.000016 seconds.
  path: Assets/Modles/PRE_Door.prefab
  artifactKey: Guid(cbfd1f5ad4122274282eda39cf7de7ae) Importer(815301076,1909f56bfc062723c751e8b465ee728b)
Start importing Assets/Modles/PRE_Door.prefab using Guid(cbfd1f5ad4122274282eda39cf7de7ae) Importer(815301076,1909f56bfc062723c751e8b465ee728b)  -> (artifact id: 'bebfd7200b6b8c9a7594ab59f6a8988b') in 0.015851 seconds
Number of updated asset objects reloaded before import = 0
Number of asset objects unloaded after import = 101
========================================================================
Received Import Request.
  Time since last request: 0.000014 seconds.
  path: Assets/Modles/PRE_DoorFrame.prefab
  artifactKey: Guid(1239c859991eee34d84b3f0dee0e9c7c) Importer(815301076,1909f56bfc062723c751e8b465ee728b)
Start importing Assets/Modles/PRE_DoorFrame.prefab using Guid(1239c859991eee34d84b3f0dee0e9c7c) Importer(815301076,1909f56bfc062723c751e8b465ee728b)  -> (artifact id: 'd4ad682e48b7b085ba8781c0601031f7') in 0.014325 seconds
Number of updated asset objects reloaded before import = 0
Number of asset objects unloaded after import = 61
========================================================================
Received Import Request.
  Time since last request: 17.833029 seconds.
  path: Assets/Modles/Neon Plants/Crate Side (2).png
  artifactKey: Guid(1c62516396b9ae240b3bb79f56a60962) Importer(815301076,1909f56bfc062723c751e8b465ee728b)
Start importing Assets/Modles/Neon Plants/Crate Side (2).png using Guid(1c62516396b9ae240b3bb79f56a60962) Importer(815301076,1909f56bfc062723c751e8b465ee728b)  -> (artifact id: '65a9278b84cac1fd9f2e2c28c2c5bdc4') in 0.048756 seconds
Number of updated asset objects reloaded before import = 0
Number of asset objects unloaded after import = 2
========================================================================
Received Import Request.
  Time since last request: 0.319174 seconds.
  path: Assets/Modles/Neon Plants/Flower 1 G.png
  artifactKey: Guid(a8e2385781046d14a9a0a7d6bfee9a4c) Importer(815301076,1909f56bfc062723c751e8b465ee728b)
Start importing Assets/Modles/Neon Plants/Flower 1 G.png using Guid(a8e2385781046d14a9a0a7d6bfee9a4c) Importer(815301076,1909f56bfc062723c751e8b465ee728b)  -> (artifact id: '2dedafccaf77c8e493ebb814adbd8d3e') in 0.032321 seconds
Number of updated asset objects reloaded before import = 0
Number of asset objects unloaded after import = 2
========================================================================
Received Import Request.
  Time since last request: 0.000026 seconds.
  path: Assets/Modles/Neon Plants/Flower 2 P.png
  artifactKey: Guid(ec5873bdaff710d43b7952a54ca78ef4) Importer(815301076,1909f56bfc062723c751e8b465ee728b)
Start importing Assets/Modles/Neon Plants/Flower 2 P.png using Guid(ec5873bdaff710d43b7952a54ca78ef4) Importer(815301076,1909f56bfc062723c751e8b465ee728b)  -> (artifact id: 'dc98f0a769cf530623f21df0ae8754d7') in 0.015570 seconds
Number of updated asset objects reloaded before import = 0
Number of asset objects unloaded after import = 2
========================================================================
Received Import Request.
  Time since last request: 0.000028 seconds.
  path: Assets/Modles/Neon Plants/Tree 3 DB.png
  artifactKey: Guid(710cd7c926e3a7f468d8faf7a4da5422) Importer(815301076,1909f56bfc062723c751e8b465ee728b)
Start importing Assets/Modles/Neon Plants/Tree 3 DB.png using Guid(710cd7c926e3a7f468d8faf7a4da5422) Importer(815301076,1909f56bfc062723c751e8b465ee728b)  -> (artifact id: '22c7258600a563fd0c918a654d4934cb') in 0.017829 seconds
Number of updated asset objects reloaded before import = 0
Number of asset objects unloaded after import = 2
========================================================================
Received Import Request.
  Time since last request: 0.000024 seconds.
  path: Assets/Modles/Neon Plants/Layer 37.png
  artifactKey: Guid(c6cbbadcaf31a334ebf43583a0e717e2) Importer(815301076,1909f56bfc062723c751e8b465ee728b)
Start importing Assets/Modles/Neon Plants/Layer 37.png using Guid(c6cbbadcaf31a334ebf43583a0e717e2) Importer(815301076,1909f56bfc062723c751e8b465ee728b)  -> (artifact id: '26629c2230395e8656139db03e2df718') in 0.019573 seconds
Number of updated asset objects reloaded before import = 0
Number of asset objects unloaded after import = 2
========================================================================
Received Import Request.
  Time since last request: 0.000020 seconds.
  path: Assets/Modles/Neon Plants/Grass 2 LB.png
  artifactKey: Guid(98e5b3f8ac4599747b61c4076e8162b4) Importer(815301076,1909f56bfc062723c751e8b465ee728b)
Start importing Assets/Modles/Neon Plants/Grass 2 LB.png using Guid(98e5b3f8ac4599747b61c4076e8162b4) Importer(815301076,1909f56bfc062723c751e8b465ee728b)  -> (artifact id: '5c6c0def21b6c22603e4495062d82993') in 0.017301 seconds
Number of updated asset objects reloaded before import = 0
Number of asset objects unloaded after import = 2
========================================================================
Received Import Request.
  Time since last request: 0.000030 seconds.
  path: Assets/Modles/Neon Plants/Flower 3 R.png
  artifactKey: Guid(d511f9e8c043f26408a30baca9c584fb) Importer(815301076,1909f56bfc062723c751e8b465ee728b)
Start importing Assets/Modles/Neon Plants/Flower 3 R.png using Guid(d511f9e8c043f26408a30baca9c584fb) Importer(815301076,1909f56bfc062723c751e8b465ee728b)  -> (artifact id: '99da73bb8e9cecba5dfe68f47c2f8fcd') in 0.016348 seconds
Number of updated asset objects reloaded before import = 0
Number of asset objects unloaded after import = 2
========================================================================
Received Import Request.
  Time since last request: 0.000028 seconds.
  path: Assets/Modles/Neon Plants/Grass 3 P.png
  artifactKey: Guid(49232d18cceb2bd41bba067867047b88) Importer(815301076,1909f56bfc062723c751e8b465ee728b)
Start importing Assets/Modles/Neon Plants/Grass 3 P.png using Guid(49232d18cceb2bd41bba067867047b88) Importer(815301076,1909f56bfc062723c751e8b465ee728b)  -> (artifact id: '53a9fbabf1c7b2de980505d0c6dafec7') in 0.009492 seconds
Number of updated asset objects reloaded before import = 0
Number of asset objects unloaded after import = 2
========================================================================
Received Import Request.
  Time since last request: 0.000023 seconds.
  path: Assets/Modles/Neon Plants/Tree 2 LB.png
  artifactKey: Guid(dc193abbb528c424e8cb3d3353cd0765) Importer(815301076,1909f56bfc062723c751e8b465ee728b)
Start importing Assets/Modles/Neon Plants/Tree 2 LB.png using Guid(dc193abbb528c424e8cb3d3353cd0765) Importer(815301076,1909f56bfc062723c751e8b465ee728b)  -> (artifact id: 'be998641bcdd30787d1ad7a157a2c6dc') in 0.018950 seconds
Number of updated asset objects reloaded before import = 0
Number of asset objects unloaded after import = 2
========================================================================
Received Import Request.
  Time since last request: 0.000025 seconds.
  path: Assets/Modles/Neon Plants/Grass 1 B.png
  artifactKey: Guid(344bd19e772c27a49a678a6877a74616) Importer(815301076,1909f56bfc062723c751e8b465ee728b)
Start importing Assets/Modles/Neon Plants/Grass 1 B.png using Guid(344bd19e772c27a49a678a6877a74616) Importer(815301076,1909f56bfc062723c751e8b465ee728b)  -> (artifact id: '424bdc758459dc116df2a7f4eeb6600c') in 0.018846 seconds
Number of updated asset objects reloaded before import = 0
Number of asset objects unloaded after import = 2
========================================================================
Received Import Request.
  Time since last request: 0.000025 seconds.
  path: Assets/Modles/Neon Plants/Tree 1 P.png
  artifactKey: Guid(a28b95faf9fbbec428ea489dc1b333ed) Importer(815301076,1909f56bfc062723c751e8b465ee728b)
Start importing Assets/Modles/Neon Plants/Tree 1 P.png using Guid(a28b95faf9fbbec428ea489dc1b333ed) Importer(815301076,1909f56bfc062723c751e8b465ee728b)  -> (artifact id: '3c8bdec9bd6a03449ac881f7f4a13a60') in 0.019713 seconds
Number of updated asset objects reloaded before import = 0
Number of asset objects unloaded after import = 2
========================================================================
Received Import Request.
  Time since last request: 0.000024 seconds.
  path: Assets/Modles/Neon Plants/Flower 3 G.png
  artifactKey: Guid(7408a8dc84139194680bd2b794be94b6) Importer(815301076,1909f56bfc062723c751e8b465ee728b)
Start importing Assets/Modles/Neon Plants/Flower 3 G.png using Guid(7408a8dc84139194680bd2b794be94b6) Importer(815301076,1909f56bfc062723c751e8b465ee728b)  -> (artifact id: 'fd59d6acf3586660c9a60d34294ad1c1') in 0.013815 seconds
Number of updated asset objects reloaded before import = 0
Number of asset objects unloaded after import = 2
Editor requested this worker to shutdown with reason: Scaling down because of idle timeout
TcpMessagingSession - receive error: operation aborted. errorcode: 995, details: The I/O operation has been aborted because of either a thread exit or an application request.
AssetImportWorker is now disconnected from the server
Process exiting
Exiting without the bug reporter. Application will terminate with return code 0