Using pre-set license
Built from '2022.2/staging' branch; Version is '2022.2.20f1 (c5d806317f84) revision 12965894'; Using compiler version '192829333'; Build Type 'Release'
OS: 'Windows 10  (10.0.19045) 64bit Core' Language: 'en' Physical Memory: 8173 MB
BatchMode: 1, IsHumanControllingUs: 0, StartBugReporterOnCrash: 0, Is64bit: 1, IsPro: 1

COMMAND LINE ARGUMENTS:
D:\FiercePC\Unity 2022.2.20f1\Editor\Unity.exe
-adb2
-batchMode
-noUpm
-name
AssetImportWorker0
-projectPath
D:/GitHub/TAMS
-logFile
Logs/AssetImportWorker0.log
-srvPort
63254
Successfully changed project path to: D:/GitHub/TAMS
D:/GitHub/TAMS
[UnityMemory] Configuration Parameters - Can be set up in boot.config
    "memorysetup-bucket-allocator-granularity=16"
    "memorysetup-bucket-allocator-bucket-count=8"
    "memorysetup-bucket-allocator-block-size=33554432"
    "memorysetup-bucket-allocator-block-count=8"
    "memorysetup-main-allocator-block-size=16777216"
    "memorysetup-thread-allocator-block-size=16777216"
    "memorysetup-gfx-main-allocator-block-size=16777216"
    "memorysetup-gfx-thread-allocator-block-size=16777216"
    "memorysetup-cache-allocator-block-size=4194304"
    "memorysetup-typetree-allocator-block-size=2097152"
    "memorysetup-profiler-bucket-allocator-granularity=16"
    "memorysetup-profiler-bucket-allocator-bucket-count=8"
    "memorysetup-profiler-bucket-allocator-block-size=33554432"
    "memorysetup-profiler-bucket-allocator-block-count=8"
    "memorysetup-profiler-allocator-block-size=16777216"
    "memorysetup-profiler-editor-allocator-block-size=1048576"
    "memorysetup-temp-allocator-size-main=16777216"
    "memorysetup-job-temp-allocator-block-size=2097152"
    "memorysetup-job-temp-allocator-block-size-background=1048576"
    "memorysetup-job-temp-allocator-reduction-small-platforms=262144"
    "memorysetup-temp-allocator-size-background-worker=32768"
    "memorysetup-temp-allocator-size-job-worker=262144"
    "memorysetup-temp-allocator-size-preload-manager=33554432"
    "memorysetup-temp-allocator-size-nav-mesh-worker=65536"
    "memorysetup-temp-allocator-size-audio-worker=65536"
    "memorysetup-temp-allocator-size-cloud-worker=32768"
    "memorysetup-temp-allocator-size-gi-baking-worker=262144"
    "memorysetup-temp-allocator-size-gfx=262144"
Player connection [5864] Host "[IP] 192.168.1.124 [Port] 0 [Flags] 2 [Guid] 2692985462 [EditorId] 2692985462 [Version] 1048832 [Id] WindowsEditor(7,DESKTOP-0L4GJO7) [Debug] 1 [PackageName] WindowsEditor [ProjectName] Editor" joined multi-casting on [225.0.0.222:54997]...

Player connection [5864] Host "[IP] 192.168.1.124 [Port] 0 [Flags] 2 [Guid] 2692985462 [EditorId] 2692985462 [Version] 1048832 [Id] WindowsEditor(7,DESKTOP-0L4GJO7) [Debug] 1 [PackageName] WindowsEditor [ProjectName] Editor" joined alternative multi-casting on [225.0.0.222:34997]...

Refreshing native plugins compatible for Editor in 21.95 ms, found 4 plugins.
Preloading 0 native plugins for Editor in 0.00 ms.
Initialize engine version: 2022.2.20f1 (c5d806317f84)
[Subsystems] Discovering subsystems at path D:/FiercePC/Unity 2022.2.20f1/Editor/Data/Resources/UnitySubsystems
[Subsystems] Discovering subsystems at path D:/GitHub/TAMS/Assets
GfxDevice: creating device client; threaded=0; jobified=0
Direct3D:
    Version:  Direct3D 11.0 [level 11.1]
    Renderer: NVIDIA GeForce GTX 1060 6GB (ID=0x1c03)
    Vendor:   NVIDIA
    VRAM:     6052 MB
    Driver:   27.21.14.5751
Initialize mono
Mono path[0] = 'D:/FiercePC/Unity 2022.2.20f1/Editor/Data/Managed'
Mono path[1] = 'D:/FiercePC/Unity 2022.2.20f1/Editor/Data/MonoBleedingEdge/lib/mono/unityjit-win32'
Mono config path = 'D:/FiercePC/Unity 2022.2.20f1/Editor/Data/MonoBleedingEdge/etc'
Using monoOptions --debugger-agent=transport=dt_socket,embedding=1,server=y,suspend=n,address=127.0.0.1:56028
Begin MonoManager ReloadAssembly
Registering precompiled unity dll's ...
Register platform support module: D:/FiercePC/Unity 2022.2.20f1/Editor/Data/PlaybackEngines/WindowsStandaloneSupport/UnityEditor.WindowsStandalone.Extensions.dll
Registered in 0.020104 seconds.
- Loaded All Assemblies, in  1.282 seconds
Native extension for WindowsStandalone target not found
Mono: successfully reloaded assembly
- Finished resetting the current domain, in  0.835 seconds
Domain Reload Profiling:
	ReloadAssembly (855ms)
		BeginReloadAssembly (463ms)
			ExecutionOrderSort (0ms)
			DisableScriptedObjects (0ms)
			BackupInstance (0ms)
			ReleaseScriptingObjects (0ms)
			CreateAndSetChildDomain (1ms)
		LoadAllAssembliesAndSetupDomain (0ms)
			LoadAssemblies (463ms)
			RebuildTransferFunctionScriptingTraits (0ms)
			SetupTypeCache (414ms)
				TypeCache.Initialize (412ms)
					TypeCache.ScanAssembly (409ms)
				ResolveRequiredComponents (1ms)
		FinalizeReload (0ms)
			ReleaseScriptCaches (0ms)
			RebuildScriptCaches (0ms)
			SetupLoadedEditorAssemblies (569ms)
				LogAssemblyErrors (0ms)
				InitializePlatformSupportModulesInManaged (18ms)
				SetLoadedEditorAssemblies (18ms)
				RefreshPlugins (0ms)
				BeforeProcessingInitializeOnLoad (3ms)
				ProcessInitializeOnLoadAttributes (374ms)
				ProcessInitializeOnLoadMethodAttributes (156ms)
				AfterProcessingInitializeOnLoad (0ms)
				EditorAssembliesLoaded (0ms)
			ExecutionOrderSort2 (0ms)
			AwakeInstancesAfterBackupRestoration (0ms)
========================================================================
Worker process is ready to serve import requests
Begin MonoManager ReloadAssembly
Symbol file LoadedFromMemory doesn't match image D:\GitHub\TAMS\Library\PackageCache\com.unity.visualscripting@1.8.0\Editor\VisualScripting.Core\Dependencies\YamlDotNet\Unity.VisualScripting.YamlDotNet.dll
Symbol file LoadedFromMemory doesn't match image D:\GitHub\TAMS\Library\PackageCache\com.unity.visualscripting@1.8.0\Editor\VisualScripting.Core\Dependencies\DotNetZip\Unity.VisualScripting.IonicZip.dll
- Loaded All Assemblies, in  2.634 seconds
Refreshing native plugins compatible for Editor in 8.43 ms, found 4 plugins.
Native extension for WindowsStandalone target not found
Mono: successfully reloaded assembly
- Finished resetting the current domain, in  2.033 seconds
Domain Reload Profiling:
	ReloadAssembly (610ms)
		BeginReloadAssembly (389ms)
			ExecutionOrderSort (0ms)
			DisableScriptedObjects (15ms)
			BackupInstance (0ms)
			ReleaseScriptingObjects (0ms)
			CreateAndSetChildDomain (48ms)
		LoadAllAssembliesAndSetupDomain (2024ms)
			LoadAssemblies (1044ms)
			RebuildTransferFunctionScriptingTraits (0ms)
			SetupTypeCache (1212ms)
				TypeCache.Initialize (1144ms)
					TypeCache.ScanAssembly (1132ms)
				ResolveRequiredComponents (18ms)
		FinalizeReload (0ms)
			ReleaseScriptCaches (0ms)
			RebuildScriptCaches (0ms)
			SetupLoadedEditorAssemblies (1314ms)
				LogAssemblyErrors (0ms)
				InitializePlatformSupportModulesInManaged (13ms)
				SetLoadedEditorAssemblies (12ms)
				RefreshPlugins (0ms)
				BeforeProcessingInitializeOnLoad (192ms)
				ProcessInitializeOnLoadAttributes (1037ms)
				ProcessInitializeOnLoadMethodAttributes (47ms)
				AfterProcessingInitializeOnLoad (11ms)
				EditorAssembliesLoaded (1ms)
			ExecutionOrderSort2 (0ms)
			AwakeInstancesAfterBackupRestoration (21ms)
Launched and connected shader compiler UnityShaderCompiler.exe after 0.19 seconds
Refreshing native plugins compatible for Editor in 21.26 ms, found 4 plugins.
Preloading 0 native plugins for Editor in 0.00 ms.
Unloading 4188 Unused Serialized files (Serialized files now loaded: 0)
Unloading 48 unused Assets / (68.4 KB). Loaded Objects now: 4652.
Memory consumption went from 132.1 MB to 132.0 MB.
Total: 11.234900 ms (FindLiveObjects: 0.645400 ms CreateObjectMapping: 0.277600 ms MarkObjects: 10.007400 ms  DeleteObjects: 0.302700 ms)

AssetImportParameters requested are different than current active one (requested -> active):
  custom:container-demuxer-ogg: 62fdf1f143b41e24485cea50d1cbac27 -> 
  custom:video-decoder-ogg-theora: a1e56fd34408186e4bbccfd4996cb3dc -> 
  custom:framework-win-MediaFoundation: 216162199b28c13a410421893ffa2e32 -> 
  custom:container-demuxer-webm: 4f35f7cbe854078d1ac9338744f61a02 -> 
  custom:container-muxer-webm: aa71ff27fc2769a1b78a27578f13a17b -> 
  custom:video-decoder-webm-vp8: 9c59270c3fd7afecdb556c50c9e8de78 -> 
  custom:AudioImporter_EditorPlatform: d09bf68614088b80899f8185d706f6e7 -> 
  custom:video-encoder-webm-vp8: eb34c28f22e8b96e1ab97ce403110664 -> 
  custom:audio-decoder-ogg-vorbis: bf7c407c2cedff20999df2af8eb42d56 -> 
  custom:audio-encoder-webm-vorbis: bf7c407c2cedff20999df2af8eb42d56 -> 
========================================================================
Received Import Request.
  Time since last request: 1047907.164822 seconds.
  path: Assets/Green.mat
  artifactKey: Guid(de6101a4098cc8740afd912e6ec06859) Importer(815301076,1909f56bfc062723c751e8b465ee728b)
Start importing Assets/Green.mat using Guid(de6101a4098cc8740afd912e6ec06859) Importer(815301076,1909f56bfc062723c751e8b465ee728b)  -> (artifact id: '0047371ef8eb4803180ce9bef5d23ffa') in 0.364481 seconds
Number of updated asset objects reloaded before import = 0
Number of asset objects unloaded after import = 1
========================================================================
Received Import Request.
  Time since last request: 0.000035 seconds.
  path: Assets/Cylinder.prefab
  artifactKey: Guid(cb6dda048f7d80742b38ab0926d90a0e) Importer(815301076,1909f56bfc062723c751e8b465ee728b)
Start importing Assets/Cylinder.prefab using Guid(cb6dda048f7d80742b38ab0926d90a0e) Importer(815301076,1909f56bfc062723c751e8b465ee728b)  -> (artifact id: 'c7582fd4129b2503cc2491a7aae31f8c') in 0.106881 seconds
Number of updated asset objects reloaded before import = 0
Number of asset objects unloaded after import = 11
========================================================================
Received Import Request.
  Time since last request: 0.000028 seconds.
  path: Assets/Black.mat
  artifactKey: Guid(7a6076dc69aa5a84fb7da238e22e4756) Importer(815301076,1909f56bfc062723c751e8b465ee728b)
Start importing Assets/Black.mat using Guid(7a6076dc69aa5a84fb7da238e22e4756) Importer(815301076,1909f56bfc062723c751e8b465ee728b)  -> (artifact id: '253b491856b121713bf3f68823900231') in 0.013616 seconds
Number of updated asset objects reloaded before import = 0
Number of asset objects unloaded after import = 1
========================================================================
Received Import Request.
  Time since last request: 0.000029 seconds.
  path: Assets/RingeeMajing.fbx
  artifactKey: Guid(95c664cbfb49c1649b79bdd06c4cc858) Importer(815301076,1909f56bfc062723c751e8b465ee728b)
Start importing Assets/RingeeMajing.fbx using Guid(95c664cbfb49c1649b79bdd06c4cc858) Importer(815301076,1909f56bfc062723c751e8b465ee728b)  -> (artifact id: 'f1e3c5426cca0ef05e597c05c47cab1a') in 0.143891 seconds
Number of updated asset objects reloaded before import = 0
Number of asset objects unloaded after import = 20
========================================================================
Received Import Request.
  Time since last request: 139.224570 seconds.
  path: Assets/XR Origin (XR Rig).prefab
  artifactKey: Guid(7c535648eff716944b4355a1778ad7ac) Importer(815301076,1909f56bfc062723c751e8b465ee728b)
Start importing Assets/XR Origin (XR Rig).prefab using Guid(7c535648eff716944b4355a1778ad7ac) Importer(815301076,1909f56bfc062723c751e8b465ee728b)  -> (artifact id: '97aecd19959d51407d469df439fb7e4e') in 0.069001 seconds
Number of updated asset objects reloaded before import = 0
Number of asset objects unloaded after import = 33
========================================================================
Received Prepare
Begin MonoManager ReloadAssembly
Symbol file LoadedFromMemory doesn't match image D:\GitHub\TAMS\Library\PackageCache\com.unity.visualscripting@1.8.0\Editor\VisualScripting.Core\Dependencies\YamlDotNet\Unity.VisualScripting.YamlDotNet.dll
Symbol file LoadedFromMemory doesn't match image D:\GitHub\TAMS\Library\PackageCache\com.unity.visualscripting@1.8.0\Editor\VisualScripting.Core\Dependencies\DotNetZip\Unity.VisualScripting.IonicZip.dll
- Loaded All Assemblies, in  1.980 seconds
Refreshing native plugins compatible for Editor in 6.77 ms, found 4 plugins.
Native extension for WindowsStandalone target not found
Mono: successfully reloaded assembly
- Finished resetting the current domain, in  4.510 seconds
Domain Reload Profiling:
	ReloadAssembly (585ms)
		BeginReloadAssembly (408ms)
			ExecutionOrderSort (0ms)
			DisableScriptedObjects (11ms)
			BackupInstance (0ms)
			ReleaseScriptingObjects (0ms)
			CreateAndSetChildDomain (96ms)
		LoadAllAssembliesAndSetupDomain (1392ms)
			LoadAssemblies (859ms)
			RebuildTransferFunctionScriptingTraits (0ms)
			SetupTypeCache (752ms)
				TypeCache.Initialize (696ms)
					TypeCache.ScanAssembly (682ms)
				ResolveRequiredComponents (24ms)
		FinalizeReload (0ms)
			ReleaseScriptCaches (0ms)
			RebuildScriptCaches (0ms)
			SetupLoadedEditorAssemblies (1103ms)
				LogAssemblyErrors (0ms)
				InitializePlatformSupportModulesInManaged (12ms)
				SetLoadedEditorAssemblies (60ms)
				RefreshPlugins (0ms)
				BeforeProcessingInitializeOnLoad (221ms)
				ProcessInitializeOnLoadAttributes (765ms)
				ProcessInitializeOnLoadMethodAttributes (36ms)
				AfterProcessingInitializeOnLoad (9ms)
				EditorAssembliesLoaded (0ms)
			ExecutionOrderSort2 (0ms)
			AwakeInstancesAfterBackupRestoration (15ms)
Script is not up to date after domain reload: guid(776e8db597ee06842a94c5fe96a692db) path("Packages/com.valvesoftware.unity.openvr/Runtime/DeviceLayouts.cs") state(2)
Script is not up to date after domain reload: guid(57a021d9ff05c6f4588567ea353dee33) path("Packages/com.unity.xr.management/Tests/TestTooling/LoaderTestSetup.cs") state(2)
Script is not up to date after domain reload: guid(a1d3d423453f7094a9219647aa8700d4) path("Packages/com.unity.xr.management/Editor/XRPackageInitialization.cs") state(2)
Script is not up to date after domain reload: guid(2254374c9407c02439ac76a9931081cd) path("Packages/com.unity.xr.management/Tests/Editor/PackageInitSettingsTests.cs") state(2)
Script is not up to date after domain reload: guid(d2dc886499c26824283350fa532d087d) path("Packages/com.unity.xr.management/Editor/XRGeneralSettingsPerBuildTarget.cs") state(2)
Script is not up to date after domain reload: guid(ae3d005fd595c0841ac79b5c0d7fcb35) path("Packages/com.unity.xr.management/Editor/XRLoaderInfoManager.cs") state(2)
Script is not up to date after domain reload: guid(ab121e37ba25f5549b3f70723f0587a2) path("Packages/com.unity.xr.management/Tests/TestPackage/Editor/TestPackage.cs") state(2)
Script is not up to date after domain reload: guid(80ce73850af91a64db881df56edfb826) path("Packages/com.unity.xr.management/Tests/TestPackage/Runtime/TestLoaderTwo.cs") state(2)
Script is not up to date after domain reload: guid(81b4aa850da6b0e47be8180dfdbca4f6) path("Packages/com.unity.xr.management/Editor/XRCustomLoaderUI.cs") state(2)
Script is not up to date after domain reload: guid(a01285314f691c540930d22a6a820b09) path("Packages/com.unity.xr.management/Editor/XRPackageInitializationSettings.cs") state(2)
Script is not up to date after domain reload: guid(bd5fdb090509d384b9a8c01f40e1f085) path("Packages/com.valvesoftware.unity.openvr/Runtime/x86/ucrtbased.dll") state(2)
Script is not up to date after domain reload: guid(8d28a628911c34c58a40cb9ef2ea4b31) path("Packages/com.unity.xr.management/Runtime/XRLoaderHelper.cs") state(2)
Script is not up to date after domain reload: guid(a500e1fea16b2fa43b644ddf59175b68) path("Packages/com.unity.xr.management/Tests/TestTooling/ManagementTestSetup.cs") state(2)
Script is not up to date after domain reload: guid(8227b7d99b019a14e9c7252c25cfcdc2) path("Packages/com.unity.xr.management/Tests/Editor/StandaloneSubsystemTests.cs") state(2)
Script is not up to date after domain reload: guid(b7d676d740a0644c0870d6d689136546) path("Packages/com.unity.xr.management/Editor/XRSettingsManager.cs") state(2)
Script is not up to date after domain reload: guid(42e3aee306e61d04e86b1f31768ef309) path("Packages/com.unity.xr.management/Tests/TestPackage/Editor/TestSettingsEditor.cs") state(2)
Script is not up to date after domain reload: guid(8a0b161efcd8b074a826ab7d34fcfa43) path("Packages/com.unity.xr.management/Editor/Metadata/XRPackageMetadataStore.cs") state(2)
Script is not up to date after domain reload: guid(199b1132f38d3f441aa719318365d5e9) path("Packages/com.unity.xr.management/Tests/Editor/BuildTests.cs") state(2)
Script is not up to date after domain reload: guid(eb7cc2e2517b6a54096dad971cfd5d86) path("Packages/com.valvesoftware.unity.openvr/Runtime/OpenVRHelpers.cs") state(2)
Script is not up to date after domain reload: guid(f054bb8325ac45040b14bf8bd85066f2) path("Packages/com.unity.xr.management/Tests/Editor/PackageManagementTests.cs") state(2)
Script is not up to date after domain reload: guid(6895f8ad07949c64f847ed31c87af951) path("Packages/com.unity.xr.management/Editor/EditorUtilities.cs") state(2)
Script is not up to date after domain reload: guid(24f65cd604fa73e4e9dbaa12d1b335e9) path("Packages/com.unity.xr.management/Tests/StandaloneSubsystem/StandaloneSubsystem.cs") state(2)
Script is not up to date after domain reload: guid(573bb802f55a06c4fb7f19db9a003f62) path("Packages/com.unity.xr.management/Editor/XRSupportedBuildTargetAttribute.cs") state(2)
Script is not up to date after domain reload: guid(9d5810c1ea5c4b640a6f4be29474580e) path("Packages/com.valvesoftware.unity.openvr/Runtime/x64/XRSDKOpenVR.dll") state(2)
Script is not up to date after domain reload: guid(fa4cb61a8a460e84dbf5d16aa8f8b3f4) path("Packages/com.valvesoftware.unity.openvr/Runtime/x86/openvr_api.lib") state(2)
Script is not up to date after domain reload: guid(731806369f8c24ec3bfee6ac9f820f6a) path("Packages/com.unity.xr.management/Tests/Editor/EditorTests.cs") state(2)
Script is not up to date after domain reload: guid(d236b7d11115f2143951f1e14045df39) path("Packages/com.unity.xr.management/Runtime/XRGeneralSettings.cs") state(2)
Script is not up to date after domain reload: guid(f4c3631f5e58749a59194e0cf6baf6d5) path("Packages/com.unity.xr.management/Runtime/XRManagerSettings.cs") state(2)
Script is not up to date after domain reload: guid(7cbb6fca93034d44a8826718d09db887) path("Packages/com.unity.xr.management/Tests/TestPackage/Runtime/TestLoaderThree.cs") state(2)
Script is not up to date after domain reload: guid(85d49a0048bacad4c9390536624325c2) path("Packages/com.valvesoftware.unity.openvr/Runtime/x64/libXRSDKOpenVR.so") state(2)
Script is not up to date after domain reload: guid(53934dfb266064225a96fe928fdcd3b3) path("Packages/com.unity.xr.management/Tests/Runtime/DummyLoader.cs") state(2)
Script is not up to date after domain reload: guid(44ea4f699730f4b1a93b7ea24a2319c5) path("Packages/com.unity.xr.management/Editor/XRConfigurationProvider.cs") state(2)
Script is not up to date after domain reload: guid(69dd6727f817cfd42a88eb2b632c436d) path("Packages/com.unity.xr.management/Tests/Runtime/RuntimeTestSettings.cs") state(2)
Script is not up to date after domain reload: guid(67c6b20ab8216514ba5aedd7898dc1ac) path("Packages/com.unity.xr.management/Tests/Editor/MetadataTests.cs") state(2)
Script is not up to date after domain reload: guid(61ff693bbf35149d684ae1e0be75e26f) path("Packages/com.unity.xr.management/Runtime/XRLoader.cs") state(2)
Script is not up to date after domain reload: guid(bdda55d4c239b3f438a25afea4860171) path("Packages/com.unity.xr.management/Tests/TestPackage/Runtime/TestSettings.cs") state(2)
Script is not up to date after domain reload: guid(a1c5324878563254c995034b4f2b3fed) path("Packages/com.valvesoftware.unity.openvr/Runtime/x64/openvr_api.lib") state(2)
Script is not up to date after domain reload: guid(96f2ea2189c3c6c4a8ff0a21f23f4f71) path("Packages/com.valvesoftware.unity.openvr/Runtime/x86/XRSDKOpenVR.lib") state(2)
Script is not up to date after domain reload: guid(98f5e129a3cd69847bae7685c22fd39b) path("Packages/com.unity.xr.management/Tests/StandaloneSubsystem/StandaloneLoader.cs") state(2)
Script is not up to date after domain reload: guid(0d622ec83e4f54b6596923435a4bba8b) path("Packages/com.unity.xr.management/Editor/XRManagerEditor.cs") state(2)
Script is not up to date after domain reload: guid(9a8e42857af398b43bb150f17aea738b) path("Packages/com.unity.xr.management/Editor/XREditorWorkQueue.cs") state(2)
Script is not up to date after domain reload: guid(15f789f4848004249b8e67d3fcf33a78) path("Packages/com.unity.xr.management/Editor/XRConstants.cs") state(2)
Script is not up to date after domain reload: guid(3ffc80ed5a6b6e74499a45b59a238640) path("Packages/com.unity.xr.management/Editor/Legacy/XRLegacyUninstaller.cs") state(2)
Script is not up to date after domain reload: guid(28c8363a46afc475bb1a7901a0dd2ad2) path("Packages/com.unity.xr.management/Editor/TypeLoaderExtensions.cs") state(2)
Script is not up to date after domain reload: guid(aa29f6b16faf667488069bc2272a9364) path("Packages/com.unity.xr.management/Editor/XRGeneralBuildProcessor.cs") state(2)
Script is not up to date after domain reload: guid(4f9b2b17cfd02430b99d104616f45273) path("Packages/com.unity.xr.management/Runtime/XRConfigurationData.cs") state(2)
Script is not up to date after domain reload: guid(f2052235d412b9845bcb42de2b6ec306) path("Packages/com.unity.xr.management/Editor/XRGeneralSettingsUpgrade.cs") state(2)
Script is not up to date after domain reload: guid(9827676ef5f18a44e878c6754e9ea67a) path("Packages/com.unity.xr.management/Tests/TestPackage/Runtime/TestLoaderOne.cs") state(2)
Script is not up to date after domain reload: guid(35384602e31b9654ab877f04fa188204) path("Packages/com.valvesoftware.unity.openvr/Runtime/x86/openvr_api.dll") state(2)
Script is not up to date after domain reload: guid(06177c8680ea415c88d4b29d40a79cec) path("Packages/com.unity.xr.management/Editor/PackageNotificationUtils.cs") state(2)
Script is not up to date after domain reload: guid(e626a1eec7776ce4797c6ef00c47bf23) path("Packages/com.unity.xr.management/Editor/XRLoaderOrderUI.cs") state(2)
Script is not up to date after domain reload: guid(918a2ed9fc11fbe42982c69db3aa5dc9) path("Packages/com.unity.xr.management/Editor/BuildHelpers.cs") state(2)
Script is not up to date after domain reload: guid(9afbbf83a040d6440ae4932e5304f426) path("Packages/com.valvesoftware.unity.openvr/Runtime/x64/ucrtbased.dll") state(2)
Script is not up to date after domain reload: guid(71386a05eac8ec4498473d915e4eacc5) path("Packages/com.valvesoftware.unity.openvr/Runtime/x64/openvr_api.dll") state(2)
Script is not up to date after domain reload: guid(eca7ba6d7e1b88845960a98f39f5d381) path("Packages/com.unity.xr.management/Editor/XRLoaderInfo.cs") state(2)
Script is not up to date after domain reload: guid(280b4d58d27987248b1d07c8d70e0784) path("Packages/com.unity.xr.management/Editor/Metadata/XRPackage.cs") state(2)
Script is not up to date after domain reload: guid(f2298ee6083796c41a784a83c67d909a) path("Packages/com.valvesoftware.unity.openvr/Runtime/x86/XRSDKOpenVR.dll") state(2)
Script is not up to date after domain reload: guid(c9587e8332e3478419afa1a60bf10342) path("Packages/com.valvesoftware.unity.openvr/Editor/OpenVRLoaderMetadata.cs") state(2)
Script is not up to date after domain reload: guid(7754b2a3cfd01774c9b7d715d3dbdc48) path("Packages/com.unity.xr.management/Editor/Metadata/XRPackageMetadata.cs") state(2)
Script is not up to date after domain reload: guid(dda6a4ae198ab2643bd0c72cb8b3f51c) path("Packages/com.unity.xr.management/Tests/TestPackage/Runtime/TestLoaderBase.cs") state(2)
Script is not up to date after domain reload: guid(8fe979d5973bf424080cd97a9917fb53) path("Packages/com.unity.xr.management/Editor/XRCustomLoaderUIManager.cs") state(2)
Script is not up to date after domain reload: guid(ad402f78648da2543942ac459d856573) path("Packages/com.unity.xr.management/Editor/Metadata/KnownPackages.cs") state(2)
Script is not up to date after domain reload: guid(ec7cec788a6acc34594dfa5d408b60bc) path("Packages/com.valvesoftware.unity.openvr/Editor/OpenVRBuildProcessor.cs") state(2)
Script is not up to date after domain reload: guid(4c8d99218e05134429b8aba5de6dc700) path("Packages/com.valvesoftware.unity.openvr/Runtime/openvr_api.cs") state(2)
Script is not up to date after domain reload: guid(b4b282a8df6f7e24cbe7c4866f7eb6f8) path("Packages/com.unity.xr.management/Tests/Editor/DomainReloadTests.cs") state(2)
Script is not up to date after domain reload: guid(83e5e574dc5d9854e9133734661c04de) path("Packages/com.unity.xr.management/Editor/XRBuildProcessorHelper.cs") state(2)
Script is not up to date after domain reload: guid(5685c6ec3d77efd409c20e6da27a4c72) path("Packages/com.valvesoftware.unity.openvr/Runtime/OpenVRLoader.cs") state(2)
Script is not up to date after domain reload: guid(7a32bfe54d957ec4581fa4a630f1647a) path("Packages/com.valvesoftware.unity.openvr/Runtime/OpenVRSettings.cs") state(2)
Script is not up to date after domain reload: guid(c0400e7689f207e4fb193f75c8ddf993) path("Packages/com.valvesoftware.unity.openvr/Runtime/x64/libopenvr_api.so") state(2)
Script is not up to date after domain reload: guid(4125b72fb8d964ddd9e2d704725a7cbc) path("Packages/com.unity.xr.management/Tests/Runtime/RuntimeTests.cs") state(2)
Script is not up to date after domain reload: guid(f5020ebb9f8898c40a3b02af96a06b0a) path("Packages/com.unity.xr.management/Tests/Runtime/RuntimeLoaderTests.cs") state(2)
Script is not up to date after domain reload: guid(9e51df5ab1f66f5418a739e131d58a72) path("Packages/com.valvesoftware.unity.openvr/Runtime/x64/XRSDKOpenVR.lib") state(2)
Script is not up to date after domain reload: guid(7eb4dec25a44a6544a2981cc989b4d57) path("Packages/com.valvesoftware.unity.openvr/Editor/OpenVRSettingsEditor.cs") state(2)
Script is not up to date after domain reload: guid(fdb1d409e9083354e829d5669fe6f6ad) path("Packages/com.unity.xr.management/Runtime/IXRLoaderPreInit.cs") state(2)
Script is not up to date after domain reload: guid(013b7dbbc8ec54c4182940c05c060ee9) path("Packages/com.unity.xr.management/Tests/StandaloneSubsystem/StandaloneSubsystemDescriptor.cs") state(2)
Script is not up to date after domain reload: guid(65fe5cdf7c56dd54d9a7e049e172298d) path("Packages/com.valvesoftware.unity.openvr/Editor/OpenVRSettingsCopier.cs") state(2)
Script is not up to date after domain reload: guid(dcdda031281fc234cb5a16b47b11fbcb) path("Packages/com.valvesoftware.unity.openvr/Runtime/OpenVREvents.cs") state(2)
Script is not up to date after domain reload: guid(38ca4053ebf8da44daa4736081117489) path("Packages/com.unity.xr.management/Tests/TestPackage/Editor/TestPackageMetadata.cs") state(2)
Script is not up to date after domain reload: guid(a65c6d9b4fa97644c896e9382fe5226f) path("Packages/com.unity.xr.management/Runtime/XRManagementAnalytics.cs") state(2)
Script is not up to date after domain reload: guid(d4a6fc50e59fbc14ab1f849d70ba8ba9) path("Packages/com.unity.xr.management/Editor/Legacy/XRLegacyStandaloneSubsystem.cs") state(2)
Script is not up to date after domain reload: guid(15419879c32f35149b150d58e2d47a6f) path("Packages/com.unity.xr.management/Tests/TestPackage/Runtime/Constants.cs") state(2)
Refreshing native plugins compatible for Editor in 6.79 ms, found 4 plugins.
Preloading 0 native plugins for Editor in 0.00 ms.
Unloading 4406 Unused Serialized files (Serialized files now loaded: 0)
Unloading 40 unused Assets / (0.8 MB). Loaded Objects now: 4913.
Memory consumption went from 143.8 MB to 143.0 MB.
Total: 498.599000 ms (FindLiveObjects: 0.732000 ms CreateObjectMapping: 0.574900 ms MarkObjects: 496.544500 ms  DeleteObjects: 0.745400 ms)

Prepare: number of updated asset objects reloaded= 0
AssetImportParameters requested are different than current active one (requested -> active):
  custom:container-demuxer-ogg: 62fdf1f143b41e24485cea50d1cbac27 -> 
  custom:video-decoder-ogg-theora: a1e56fd34408186e4bbccfd4996cb3dc -> 
  custom:framework-win-MediaFoundation: 216162199b28c13a410421893ffa2e32 -> 
  custom:container-demuxer-webm: 4f35f7cbe854078d1ac9338744f61a02 -> 
  custom:container-muxer-webm: aa71ff27fc2769a1b78a27578f13a17b -> 
  custom:video-decoder-webm-vp8: 9c59270c3fd7afecdb556c50c9e8de78 -> 
  custom:AudioImporter_EditorPlatform: d09bf68614088b80899f8185d706f6e7 -> 
  custom:video-encoder-webm-vp8: eb34c28f22e8b96e1ab97ce403110664 -> 
  custom:audio-decoder-ogg-vorbis: bf7c407c2cedff20999df2af8eb42d56 -> 
  custom:audio-encoder-webm-vorbis: bf7c407c2cedff20999df2af8eb42d56 -> 
========================================================================
Received Prepare
Begin MonoManager ReloadAssembly
Symbol file LoadedFromMemory doesn't match image D:\GitHub\TAMS\Library\PackageCache\com.unity.visualscripting@1.8.0\Editor\VisualScripting.Core\Dependencies\YamlDotNet\Unity.VisualScripting.YamlDotNet.dll
Symbol file LoadedFromMemory doesn't match image D:\GitHub\TAMS\Library\PackageCache\com.unity.visualscripting@1.8.0\Editor\VisualScripting.Core\Dependencies\DotNetZip\Unity.VisualScripting.IonicZip.dll
- Loaded All Assemblies, in  1.867 seconds
Refreshing native plugins compatible for Editor in 11.42 ms, found 7 plugins.
Native extension for WindowsStandalone target not found
Package Manager log level set to [2]
[Package Manager] Server::EnsureServerProcessIsRunning -- launch failed, reason: Unity was launched with the -noUpm command-line argument
[Package Manager] UpmClient::Send -- Unable to send message (not connected to UPM process).
[Package Manager] Cannot connect to Unity Package Manager local server
Mono: successfully reloaded assembly
[Package Manager] Server::EnsureServerProcessIsRunning -- launch failed, reason: Unity was launched with the -noUpm command-line argument
[Package Manager] UpmClient::Send -- Unable to send message (not connected to UPM process).
[Package Manager] Cannot connect to Unity Package Manager local server
[Package Manager] Server::EnsureServerProcessIsRunning -- launch failed, reason: Unity was launched with the -noUpm command-line argument
[Package Manager] UpmClient::Send -- Unable to send message (not connected to UPM process).
[Package Manager] Cannot connect to Unity Package Manager local server
- Finished resetting the current domain, in  2.247 seconds
Domain Reload Profiling:
	ReloadAssembly (591ms)
		BeginReloadAssembly (394ms)
			ExecutionOrderSort (0ms)
			DisableScriptedObjects (14ms)
			BackupInstance (0ms)
			ReleaseScriptingObjects (0ms)
			CreateAndSetChildDomain (89ms)
		LoadAllAssembliesAndSetupDomain (1272ms)
			LoadAssemblies (723ms)
			RebuildTransferFunctionScriptingTraits (0ms)
			SetupTypeCache (777ms)
				TypeCache.Initialize (729ms)
					TypeCache.ScanAssembly (714ms)
				ResolveRequiredComponents (33ms)
		FinalizeReload (0ms)
			ReleaseScriptCaches (0ms)
			RebuildScriptCaches (0ms)
			SetupLoadedEditorAssemblies (932ms)
				LogAssemblyErrors (0ms)
				InitializePlatformSupportModulesInManaged (10ms)
				SetLoadedEditorAssemblies (10ms)
				RefreshPlugins (0ms)
				BeforeProcessingInitializeOnLoad (150ms)
				ProcessInitializeOnLoadAttributes (718ms)
				ProcessInitializeOnLoadMethodAttributes (37ms)
				AfterProcessingInitializeOnLoad (7ms)
				EditorAssembliesLoaded (0ms)
			ExecutionOrderSort2 (0ms)
			AwakeInstancesAfterBackupRestoration (16ms)
Refreshing native plugins compatible for Editor in 10.77 ms, found 7 plugins.
Preloading 0 native plugins for Editor in 0.00 ms.
Unloading 4487 Unused Serialized files (Serialized files now loaded: 0)
Unloading 39 unused Assets / (0.8 MB). Loaded Objects now: 4998.
Memory consumption went from 145.4 MB to 144.6 MB.
Total: 7.742100 ms (FindLiveObjects: 0.666500 ms CreateObjectMapping: 0.561700 ms MarkObjects: 5.615300 ms  DeleteObjects: 0.896600 ms)

Prepare: number of updated asset objects reloaded= 0
AssetImportParameters requested are different than current active one (requested -> active):
  custom:container-demuxer-ogg: 62fdf1f143b41e24485cea50d1cbac27 -> 
  custom:video-decoder-ogg-theora: a1e56fd34408186e4bbccfd4996cb3dc -> 
  custom:framework-win-MediaFoundation: 216162199b28c13a410421893ffa2e32 -> 
  custom:container-demuxer-webm: 4f35f7cbe854078d1ac9338744f61a02 -> 
  custom:container-muxer-webm: aa71ff27fc2769a1b78a27578f13a17b -> 
  custom:video-decoder-webm-vp8: 9c59270c3fd7afecdb556c50c9e8de78 -> 
  custom:AudioImporter_EditorPlatform: d09bf68614088b80899f8185d706f6e7 -> 
  custom:video-encoder-webm-vp8: eb34c28f22e8b96e1ab97ce403110664 -> 
  custom:audio-decoder-ogg-vorbis: bf7c407c2cedff20999df2af8eb42d56 -> 
  custom:audio-encoder-webm-vorbis: bf7c407c2cedff20999df2af8eb42d56 -> 
========================================================================
Received Prepare
Begin MonoManager ReloadAssembly
Symbol file LoadedFromMemory doesn't match image D:\GitHub\TAMS\Library\PackageCache\com.unity.visualscripting@1.8.0\Editor\VisualScripting.Core\Dependencies\YamlDotNet\Unity.VisualScripting.YamlDotNet.dll
Symbol file LoadedFromMemory doesn't match image D:\GitHub\TAMS\Library\PackageCache\com.unity.visualscripting@1.8.0\Editor\VisualScripting.Core\Dependencies\DotNetZip\Unity.VisualScripting.IonicZip.dll
- Loaded All Assemblies, in  1.759 seconds
Refreshing native plugins compatible for Editor in 13.07 ms, found 7 plugins.
Native extension for WindowsStandalone target not found
[Package Manager] Server::EnsureServerProcessIsRunning -- launch failed, reason: Unity was launched with the -noUpm command-line argument
[Package Manager] UpmClient::Send -- Unable to send message (not connected to UPM process).
[Package Manager] Cannot connect to Unity Package Manager local server
Mono: successfully reloaded assembly
[Package Manager] Server::EnsureServerProcessIsRunning -- launch failed, reason: Unity was launched with the -noUpm command-line argument
[Package Manager] UpmClient::Send -- Unable to send message (not connected to UPM process).
[Package Manager] Cannot connect to Unity Package Manager local server
- Finished resetting the current domain, in  1.867 seconds
Domain Reload Profiling:
	ReloadAssembly (533ms)
		BeginReloadAssembly (346ms)
			ExecutionOrderSort (0ms)
			DisableScriptedObjects (9ms)
			BackupInstance (0ms)
			ReleaseScriptingObjects (0ms)
			CreateAndSetChildDomain (83ms)
		LoadAllAssembliesAndSetupDomain (1223ms)
			LoadAssemblies (669ms)
			RebuildTransferFunctionScriptingTraits (0ms)
			SetupTypeCache (748ms)
				TypeCache.Initialize (712ms)
					TypeCache.ScanAssembly (697ms)
				ResolveRequiredComponents (22ms)
		FinalizeReload (0ms)
			ReleaseScriptCaches (0ms)
			RebuildScriptCaches (0ms)
			SetupLoadedEditorAssemblies (824ms)
				LogAssemblyErrors (0ms)
				InitializePlatformSupportModulesInManaged (10ms)
				SetLoadedEditorAssemblies (10ms)
				RefreshPlugins (0ms)
				BeforeProcessingInitializeOnLoad (136ms)
				ProcessInitializeOnLoadAttributes (628ms)
				ProcessInitializeOnLoadMethodAttributes (32ms)
				AfterProcessingInitializeOnLoad (8ms)
				EditorAssembliesLoaded (0ms)
			ExecutionOrderSort2 (0ms)
			AwakeInstancesAfterBackupRestoration (13ms)
Refreshing native plugins compatible for Editor in 11.93 ms, found 7 plugins.
Preloading 0 native plugins for Editor in 0.00 ms.
Unloading 4473 Unused Serialized files (Serialized files now loaded: 0)
Unloading 42 unused Assets / (0.8 MB). Loaded Objects now: 5000.
Memory consumption went from 145.3 MB to 144.4 MB.
Total: 7.888900 ms (FindLiveObjects: 0.632300 ms CreateObjectMapping: 0.327000 ms MarkObjects: 5.879900 ms  DeleteObjects: 1.048100 ms)

Prepare: number of updated asset objects reloaded= 0
AssetImportParameters requested are different than current active one (requested -> active):
  custom:container-demuxer-ogg: 62fdf1f143b41e24485cea50d1cbac27 -> 
  custom:video-decoder-ogg-theora: a1e56fd34408186e4bbccfd4996cb3dc -> 
  custom:framework-win-MediaFoundation: 216162199b28c13a410421893ffa2e32 -> 
  custom:container-demuxer-webm: 4f35f7cbe854078d1ac9338744f61a02 -> 
  custom:container-muxer-webm: aa71ff27fc2769a1b78a27578f13a17b -> 
  custom:video-decoder-webm-vp8: 9c59270c3fd7afecdb556c50c9e8de78 -> 
  custom:AudioImporter_EditorPlatform: d09bf68614088b80899f8185d706f6e7 -> 
  custom:video-encoder-webm-vp8: eb34c28f22e8b96e1ab97ce403110664 -> 
  custom:audio-decoder-ogg-vorbis: bf7c407c2cedff20999df2af8eb42d56 -> 
  custom:audio-encoder-webm-vorbis: bf7c407c2cedff20999df2af8eb42d56 -> 
========================================================================
Received Prepare
Refreshing native plugins compatible for Editor in 12.60 ms, found 7 plugins.
Preloading 0 native plugins for Editor in 0.00 ms.
Unloading 13 Unused Serialized files (Serialized files now loaded: 0)
Unloading 13 unused Assets / (0.8 MB). Loaded Objects now: 5000.
Memory consumption went from 76.4 MB to 75.5 MB.
Total: 7.265400 ms (FindLiveObjects: 0.627800 ms CreateObjectMapping: 0.318900 ms MarkObjects: 5.560000 ms  DeleteObjects: 0.757200 ms)

Prepare: number of updated asset objects reloaded= 0
AssetImportParameters requested are different than current active one (requested -> active):
  colorSpace: 1 -> 0
  custom:container-demuxer-ogg: 62fdf1f143b41e24485cea50d1cbac27 -> 
  custom:video-decoder-ogg-theora: a1e56fd34408186e4bbccfd4996cb3dc -> 
  custom:framework-win-MediaFoundation: 216162199b28c13a410421893ffa2e32 -> 
  custom:container-demuxer-webm: 4f35f7cbe854078d1ac9338744f61a02 -> 
  custom:container-muxer-webm: aa71ff27fc2769a1b78a27578f13a17b -> 
  custom:video-decoder-webm-vp8: 9c59270c3fd7afecdb556c50c9e8de78 -> 
  custom:AudioImporter_EditorPlatform: d09bf68614088b80899f8185d706f6e7 -> 
  custom:video-encoder-webm-vp8: eb34c28f22e8b96e1ab97ce403110664 -> 
  custom:graphics/active-color-space: 03000000000000000000000000000000 -> 02000000000000000000000000000000
  custom:audio-decoder-ogg-vorbis: bf7c407c2cedff20999df2af8eb42d56 -> 
  custom:audio-encoder-webm-vorbis: bf7c407c2cedff20999df2af8eb42d56 -> 
========================================================================
Received Import Request.
  Time since last request: 718.440869 seconds.
  path: Assets/XR Origin (XR Rig).prefab
  artifactKey: Guid(7c535648eff716944b4355a1778ad7ac) Importer(815301076,1909f56bfc062723c751e8b465ee728b)
Start importing Assets/XR Origin (XR Rig).prefab using Guid(7c535648eff716944b4355a1778ad7ac) Importer(815301076,1909f56bfc062723c751e8b465ee728b)  -> (artifact id: 'f590f69ffc31dabc5fd541bdf72f2c00') in 0.222344 seconds
Number of updated asset objects reloaded before import = 0
Number of asset objects unloaded after import = 33
